{
  "RSpec": {
    "coverage": {
      "/Users/tjrodrigues/code/contents_api/config/environment.rb": {
        "lines": [
          null,
          1,
          null,
          null,
          1
        ]
      },
      "/Users/tjrodrigues/code/contents_api/config/application.rb": {
        "lines": [
          1,
          null,
          1,
          null,
          1,
          1,
          1,
          1,
          1,
          1,
          1,
          1,
          1,
          1,
          null,
          null,
          null,
          null,
          1,
          null,
          1,
          1,
          null,
          1,
          null,
          null,
          null,
          null,
          null,
          null,
          null,
          null,
          null,
          null,
          null,
          null,
          1,
          null,
          null
        ]
      },
      "/Users/tjrodrigues/code/contents_api/config/boot.rb": {
        "lines": [
          1,
          null,
          1,
          1
        ]
      },
      "/Users/tjrodrigues/code/contents_api/config/environments/test.rb": {
        "lines": [
          1,
          null,
          null,
          null,
          null,
          null,
          null,
          1,
          null,
          null,
          null,
          1,
          null,
          null,
          null,
          null,
          1,
          null,
          null,
          1,
          1,
          null,
          null,
          null,
          null,
          1,
          1,
          1,
          null,
          null,
          1,
          null,
          null,
          1,
          null,
          null,
          1,
          null,
          1,
          null,
          null,
          null,
          null,
          1,
          null,
          null,
          1,
          null,
          null,
          1,
          null,
          null,
          1,
          null,
          null,
          null,
          null,
          null,
          null,
          null
        ]
      },
      "/Users/tjrodrigues/code/contents_api/config/initializers/cors.rb": {
        "lines": [
          null,
          null,
          null,
          null,
          null,
          null,
          null,
          null,
          null,
          null,
          null,
          null,
          null,
          null,
          null,
          null
        ]
      },
      "/Users/tjrodrigues/code/contents_api/config/initializers/filter_parameter_logging.rb": {
        "lines": [
          null,
          null,
          null,
          null,
          null,
          1,
          null,
          null
        ]
      },
      "/Users/tjrodrigues/code/contents_api/config/initializers/inflections.rb": {
        "lines": [
          null,
          null,
          null,
          null,
          null,
          null,
          null,
          null,
          null,
          null,
          null,
          null,
          null,
          null,
          null,
          null
        ]
      },
      "/Users/tjrodrigues/code/contents_api/config/routes.rb": {
        "lines": [
          1,
          null,
          null,
          null,
          1,
          null,
          1,
          1,
          1,
          null,
          null,
          null
        ]
      },
      "/Users/tjrodrigues/code/contents_api/spec/support/factory_bot.rb": {
        "lines": [
          1,
          null,
          1,
          1,
          null
        ]
      },
      "/Users/tjrodrigues/code/contents_api/spec/factories/contents.rb": {
        "lines": [
          1,
          1,
          null,
          null
        ]
      },
      "/Users/tjrodrigues/code/contents_api/spec/factories/episodes.rb": {
        "lines": [
          1,
          1,
          6,
          null,
          null
        ]
      },
      "/Users/tjrodrigues/code/contents_api/spec/factories/movies.rb": {
        "lines": [
          1,
          1,
          16,
          16,
          16,
          16,
          16,
          null,
          null
        ]
      },
      "/Users/tjrodrigues/code/contents_api/spec/factories/seasons.rb": {
        "lines": [
          1,
          1,
          11,
          null,
          1,
          1,
          1,
          null,
          null,
          1,
          0,
          null,
          null,
          null,
          null
        ]
      },
      "/Users/tjrodrigues/code/contents_api/spec/factories/tv_shows.rb": {
        "lines": [
          1,
          1,
          17,
          17,
          17,
          17,
          17,
          null,
          null,
          1,
          1,
          1,
          null,
          null,
          1,
          0,
          null,
          null,
          null,
          null
        ]
      },
      "/Users/tjrodrigues/code/contents_api/spec/support/shoulda.rb": {
        "lines": [
          1,
          null,
          1,
          1,
          1,
          1,
          null,
          null
        ]
      },
      "/Users/tjrodrigues/code/contents_api/spec/support/database_cleaner.rb": {
        "lines": [
          1,
          null,
          1,
          1,
          1,
          1,
          null,
          null,
          1,
          56,
          56,
          null,
          null,
          null
        ]
      },
      "/Users/tjrodrigues/code/contents_api/spec/support/request_helpers.rb": {
        "lines": [
          1,
          1,
          1,
          11,
          null,
          null,
          null
        ]
      },
      "/Users/tjrodrigues/code/contents_api/app/models/content.rb": {
        "lines": [
          1,
          1,
          null,
          1,
          null,
          13,
          null,
          1,
          null,
          16,
          null,
          null,
          null,
          null
        ]
      },
      "/Users/tjrodrigues/code/contents_api/app/models/application_record.rb": {
        "lines": [
          1,
          1,
          null
        ]
      },
      "/Users/tjrodrigues/code/contents_api/spec/models/episode_spec.rb": {
        "lines": [
          null,
          null,
          1,
          null,
          1,
          1,
          2,
          null,
          null,
          1,
          2,
          null,
          null,
          1,
          2,
          null,
          null,
          null
        ]
      },
      "/Users/tjrodrigues/code/contents_api/app/models/episode.rb": {
        "lines": [
          1,
          1,
          null,
          1,
          null
        ]
      },
      "/Users/tjrodrigues/code/contents_api/spec/models/movie_spec.rb": {
        "lines": [
          null,
          null,
          1,
          null,
          1,
          1,
          2,
          2,
          2,
          2,
          2,
          null,
          null,
          1,
          2,
          2,
          2,
          null,
          null
        ]
      },
      "/Users/tjrodrigues/code/contents_api/app/models/movie.rb": {
        "lines": [
          1
        ]
      },
      "/Users/tjrodrigues/code/contents_api/spec/models/season_spec.rb": {
        "lines": [
          null,
          null,
          1,
          null,
          1,
          1,
          2,
          null,
          null,
          1,
          2,
          2,
          null,
          null,
          1,
          2,
          null,
          null,
          null
        ]
      },
      "/Users/tjrodrigues/code/contents_api/app/models/season.rb": {
        "lines": [
          1,
          1,
          1,
          null,
          1,
          null
        ]
      },
      "/Users/tjrodrigues/code/contents_api/spec/models/tv_show_spec.rb": {
        "lines": [
          null,
          null,
          1,
          null,
          1,
          1,
          2,
          2,
          2,
          2,
          2,
          null,
          null,
          1,
          2,
          2,
          null,
          null,
          1,
          2,
          2,
          2,
          null,
          null,
          null
        ]
      },
      "/Users/tjrodrigues/code/contents_api/app/models/tv_show.rb": {
        "lines": [
          1,
          1,
          1,
          null
        ]
      },
      "/Users/tjrodrigues/code/contents_api/spec/requests/contents_spec.rb": {
        "lines": [
          null,
          null,
          1,
          null,
          1,
          null,
          1,
          1,
          9,
          9,
          null,
          9,
          null,
          1,
          1,
          3,
          null,
          1,
          1,
          1,
          2,
          null,
          null,
          1,
          1,
          null,
          null,
          null,
          1,
          3,
          null,
          1,
          1,
          1,
          2,
          null,
          null,
          1,
          1,
          null,
          null,
          null,
          1,
          3,
          null,
          1,
          1,
          null,
          null,
          1,
          1,
          null,
          null,
          null,
          null,
          1,
          3,
          null,
          1,
          1,
          1,
          null,
          null,
          1,
          1,
          null,
          null,
          null,
          null
        ]
      },
      "/Users/tjrodrigues/code/contents_api/spec/requests/root_spec.rb": {
        "lines": [
          null,
          null,
          1,
          null,
          1,
          null,
          1,
          1,
          null,
          1,
          1,
          null,
          1,
          1,
          1,
          null,
          null,
          null
        ]
      },
      "/Users/tjrodrigues/code/contents_api/spec/serializers/content_serializer_spec.rb": {
        "lines": [
          null,
          null,
          1,
          null,
          1,
          3,
          3,
          5,
          null,
          5,
          null,
          1,
          1,
          1,
          null,
          null,
          1,
          1,
          1,
          1,
          null,
          null,
          null,
          1,
          3,
          null,
          1,
          1,
          null,
          null,
          1,
          1,
          null,
          null,
          null
        ]
      },
      "/Users/tjrodrigues/code/contents_api/app/serializers/content_serializer.rb": {
        "lines": [
          1,
          1,
          null,
          21,
          null,
          null
        ]
      },
      "/Users/tjrodrigues/code/contents_api/app/serializers/season_serializer.rb": {
        "lines": [
          1,
          1,
          null,
          1,
          null,
          1,
          10,
          4,
          null,
          null,
          null
        ]
      },
      "/Users/tjrodrigues/code/contents_api/spec/serializers/episode_serializer_spec.rb": {
        "lines": [
          null,
          null,
          1,
          null,
          1,
          2,
          2,
          null,
          2,
          null,
          1,
          1,
          1,
          null,
          null,
          null
        ]
      },
      "/Users/tjrodrigues/code/contents_api/app/serializers/episode_serializer.rb": {
        "lines": [
          1,
          1,
          null
        ]
      },
      "/Users/tjrodrigues/code/contents_api/spec/serializers/movie_serializer_spec.rb": {
        "lines": [
          null,
          null,
          1,
          null,
          1,
          2,
          2,
          null,
          2,
          null,
          1,
          1,
          1,
          null,
          null,
          null
        ]
      },
      "/Users/tjrodrigues/code/contents_api/app/serializers/movie_serializer.rb": {
        "lines": [
          1,
          1,
          null
        ]
      },
      "/Users/tjrodrigues/code/contents_api/spec/serializers/season_serializer_spec.rb": {
        "lines": [
          null,
          null,
          1,
          null,
          1,
          3,
          3,
          3,
          null,
          3,
          null,
          1,
          1,
          1,
          null,
          null,
          null,
          1,
          1,
          1,
          1,
          null,
          null,
          null
        ]
      },
      "/Users/tjrodrigues/code/contents_api/spec/serializers/tv_show_serializer_spec.rb": {
        "lines": [
          null,
          null,
          1,
          null,
          1,
          3,
          3,
          3,
          null,
          3,
          null,
          1,
          1,
          1,
          null,
          null,
          null,
          1,
          1,
          1,
          1,
          null,
          null,
          null
        ]
      },
      "/Users/tjrodrigues/code/contents_api/app/serializers/tv_show_serializer.rb": {
        "lines": [
          1,
          1,
          null,
          1,
          null
        ]
      },
      "/Users/tjrodrigues/code/contents_api/spec/services/contents_spec.rb": {
        "lines": [
          null,
          null,
          1,
          null,
          1,
          1,
          5,
          5,
          null,
          5,
          null,
          1,
          1,
          2,
          null,
          1,
          1,
          null,
          null,
          null,
          1,
          2,
          null,
          1,
          1,
          null,
          null,
          null,
          1,
          2,
          null,
          1,
          1,
          null,
          null,
          null,
          null,
          1,
          1,
          null,
          1,
          1,
          null,
          null,
          null,
          null
        ]
      },
      "/Users/tjrodrigues/code/contents_api/app/services/contents.rb": {
        "lines": [
          null,
          null,
          1,
          1,
          12,
          null,
          null,
          1,
          8,
          null,
          null,
          1,
          12,
          null,
          12,
          3,
          null,
          null,
          12,
          null,
          null,
          1,
          null,
          1,
          null,
          1,
          12,
          9,
          null,
          3,
          null,
          null,
          null,
          1,
          12,
          null,
          null
        ]
      },
      "/Users/tjrodrigues/code/contents_api/app/controllers/api/v1/contents_controller.rb": {
        "lines": [
          null,
          null,
          1,
          1,
          1,
          1,
          8,
          null,
          null,
          null,
          null,
          null,
          null,
          null,
          null,
          null,
          1,
          1,
          null,
          null,
          1,
          null,
          1,
          8,
          null,
          null,
          1,
          0,
          null,
          null,
          1,
          16,
          8,
          null,
          null,
          null,
          null,
          null
        ]
      },
      "/Users/tjrodrigues/code/contents_api/app/controllers/application_controller.rb": {
        "lines": [
          1,
          null
        ]
      }
    },
    "timestamp": 1682339882
  }
}
